[INFO  - 2015-06-24T19:54:24.113Z] GhostDriver - Main - running on port 23819
[INFO  - 2015-06-24T19:54:25.102Z] Session [d0950de0-1aaa-11e5-983f-c76250ed62ca] - page.settings - {"XSSAuditingEnabled":false,"javascriptCanCloseWindows":true,"javascriptCanOpenWindows":true,"javascriptEnabled":true,"loadImages":true,"localToRemoteUrlAccessEnabled":false,"userAgent":"Mozilla/5.0 (Windows NT 6.1; WOW64) AppleWebKit/538.1 (KHTML, like Gecko) PhantomJS/2.0.0 Safari/538.1","webSecurityEnabled":true}
[INFO  - 2015-06-24T19:54:25.102Z] Session [d0950de0-1aaa-11e5-983f-c76250ed62ca] - page.customHeaders:  - {}
[INFO  - 2015-06-24T19:54:25.102Z] Session [d0950de0-1aaa-11e5-983f-c76250ed62ca] - Session.negotiatedCapabilities - {"browserName":"phantomjs","version":"2.0.0","driverName":"ghostdriver","driverVersion":"1.2.0","platform":"windows-7-32bit","javascriptEnabled":true,"takesScreenshot":true,"handlesAlerts":false,"databaseEnabled":false,"locationContextEnabled":false,"applicationCacheEnabled":false,"browserConnectionEnabled":false,"cssSelectorsEnabled":true,"webStorageEnabled":false,"rotatable":false,"acceptSslCerts":false,"nativeEvents":true,"proxy":{"proxyType":"direct"}}
[INFO  - 2015-06-24T19:54:25.103Z] SessionManagerReqHand - _postNewSessionCommand - New Session Created: d0950de0-1aaa-11e5-983f-c76250ed62ca
[INFO  - 2015-06-24T19:54:42.010Z] ShutdownReqHand - _handle - About to shutdown
[INFO  - 2015-06-24T19:54:45.535Z] GhostDriver - Main - running on port 45180
[INFO  - 2015-06-24T19:54:45.860Z] Session [dcf5ffe0-1aaa-11e5-ad32-c7ee8a1bd3f0] - page.settings - {"XSSAuditingEnabled":false,"javascriptCanCloseWindows":true,"javascriptCanOpenWindows":true,"javascriptEnabled":true,"loadImages":true,"localToRemoteUrlAccessEnabled":false,"userAgent":"Mozilla/5.0 (Windows NT 6.1; WOW64) AppleWebKit/538.1 (KHTML, like Gecko) PhantomJS/2.0.0 Safari/538.1","webSecurityEnabled":true}
[INFO  - 2015-06-24T19:54:45.860Z] Session [dcf5ffe0-1aaa-11e5-ad32-c7ee8a1bd3f0] - page.customHeaders:  - {}
[INFO  - 2015-06-24T19:54:45.860Z] Session [dcf5ffe0-1aaa-11e5-ad32-c7ee8a1bd3f0] - Session.negotiatedCapabilities - {"browserName":"phantomjs","version":"2.0.0","driverName":"ghostdriver","driverVersion":"1.2.0","platform":"windows-7-32bit","javascriptEnabled":true,"takesScreenshot":true,"handlesAlerts":false,"databaseEnabled":false,"locationContextEnabled":false,"applicationCacheEnabled":false,"browserConnectionEnabled":false,"cssSelectorsEnabled":true,"webStorageEnabled":false,"rotatable":false,"acceptSslCerts":false,"nativeEvents":true,"proxy":{"proxyType":"direct"}}
[INFO  - 2015-06-24T19:54:45.860Z] SessionManagerReqHand - _postNewSessionCommand - New Session Created: dcf5ffe0-1aaa-11e5-ad32-c7ee8a1bd3f0
[ERROR - 2015-06-24T19:54:51.812Z] WebElementLocator - _handleLocateCommand - Element(s) NOT Found: GAVE UP. Search Stop Time: 1435175691691
[ERROR - 2015-06-24T19:54:54.325Z] WebElementLocator - _handleLocateCommand - Element(s) NOT Found: GAVE UP. Search Stop Time: 1435175694264
[INFO  - 2015-06-24T19:54:55.645Z] ShutdownReqHand - _handle - About to shutdown
[INFO  - 2015-06-24T19:58:45.417Z] GhostDriver - Main - running on port 22281
[INFO  - 2015-06-24T19:58:46.030Z] Session [6c1cba60-1aab-11e5-bff7-af0515d5b2d0] - page.settings - {"XSSAuditingEnabled":false,"javascriptCanCloseWindows":true,"javascriptCanOpenWindows":true,"javascriptEnabled":true,"loadImages":true,"localToRemoteUrlAccessEnabled":false,"userAgent":"Mozilla/5.0 (Windows NT 6.1; WOW64) AppleWebKit/538.1 (KHTML, like Gecko) PhantomJS/2.0.0 Safari/538.1","webSecurityEnabled":true}
[INFO  - 2015-06-24T19:58:46.030Z] Session [6c1cba60-1aab-11e5-bff7-af0515d5b2d0] - page.customHeaders:  - {}
[INFO  - 2015-06-24T19:58:46.030Z] Session [6c1cba60-1aab-11e5-bff7-af0515d5b2d0] - Session.negotiatedCapabilities - {"browserName":"phantomjs","version":"2.0.0","driverName":"ghostdriver","driverVersion":"1.2.0","platform":"windows-7-32bit","javascriptEnabled":true,"takesScreenshot":true,"handlesAlerts":false,"databaseEnabled":false,"locationContextEnabled":false,"applicationCacheEnabled":false,"browserConnectionEnabled":false,"cssSelectorsEnabled":true,"webStorageEnabled":false,"rotatable":false,"acceptSslCerts":false,"nativeEvents":true,"proxy":{"proxyType":"direct"}}
[INFO  - 2015-06-24T19:58:46.030Z] SessionManagerReqHand - _postNewSessionCommand - New Session Created: 6c1cba60-1aab-11e5-bff7-af0515d5b2d0
[INFO  - 2015-06-24T19:59:06.111Z] ShutdownReqHand - _handle - About to shutdown
[INFO  - 2015-06-24T19:59:09.118Z] GhostDriver - Main - running on port 24079
[INFO  - 2015-06-24T19:59:09.762Z] Session [7a4218b0-1aab-11e5-94a5-4d4437d7285d] - page.settings - {"XSSAuditingEnabled":false,"javascriptCanCloseWindows":true,"javascriptCanOpenWindows":true,"javascriptEnabled":true,"loadImages":true,"localToRemoteUrlAccessEnabled":false,"userAgent":"Mozilla/5.0 (Windows NT 6.1; WOW64) AppleWebKit/538.1 (KHTML, like Gecko) PhantomJS/2.0.0 Safari/538.1","webSecurityEnabled":true}
[INFO  - 2015-06-24T19:59:09.762Z] Session [7a4218b0-1aab-11e5-94a5-4d4437d7285d] - page.customHeaders:  - {}
[INFO  - 2015-06-24T19:59:09.762Z] Session [7a4218b0-1aab-11e5-94a5-4d4437d7285d] - Session.negotiatedCapabilities - {"browserName":"phantomjs","version":"2.0.0","driverName":"ghostdriver","driverVersion":"1.2.0","platform":"windows-7-32bit","javascriptEnabled":true,"takesScreenshot":true,"handlesAlerts":false,"databaseEnabled":false,"locationContextEnabled":false,"applicationCacheEnabled":false,"browserConnectionEnabled":false,"cssSelectorsEnabled":true,"webStorageEnabled":false,"rotatable":false,"acceptSslCerts":false,"nativeEvents":true,"proxy":{"proxyType":"direct"}}
[INFO  - 2015-06-24T19:59:09.762Z] SessionManagerReqHand - _postNewSessionCommand - New Session Created: 7a4218b0-1aab-11e5-94a5-4d4437d7285d
[ERROR - 2015-06-24T19:59:13.381Z] WebElementLocator - _handleLocateCommand - Element(s) NOT Found: GAVE UP. Search Stop Time: 1435175953321
[ERROR - 2015-06-24T19:59:15.205Z] WebElementLocator - _handleLocateCommand - Element(s) NOT Found: GAVE UP. Search Stop Time: 1435175955155
[INFO  - 2015-06-24T19:59:15.779Z] ShutdownReqHand - _handle - About to shutdown
[INFO  - 2015-06-24T20:00:31.923Z] GhostDriver - Main - running on port 29214
[INFO  - 2015-06-24T20:00:32.576Z] Session [ab9e8290-1aab-11e5-9f02-ed58f8d511e9] - page.settings - {"XSSAuditingEnabled":false,"javascriptCanCloseWindows":true,"javascriptCanOpenWindows":true,"javascriptEnabled":true,"loadImages":true,"localToRemoteUrlAccessEnabled":false,"userAgent":"Mozilla/5.0 (Windows NT 6.1; WOW64) AppleWebKit/538.1 (KHTML, like Gecko) PhantomJS/2.0.0 Safari/538.1","webSecurityEnabled":true}
[INFO  - 2015-06-24T20:00:32.576Z] Session [ab9e8290-1aab-11e5-9f02-ed58f8d511e9] - page.customHeaders:  - {}
[INFO  - 2015-06-24T20:00:32.576Z] Session [ab9e8290-1aab-11e5-9f02-ed58f8d511e9] - Session.negotiatedCapabilities - {"browserName":"phantomjs","version":"2.0.0","driverName":"ghostdriver","driverVersion":"1.2.0","platform":"windows-7-32bit","javascriptEnabled":true,"takesScreenshot":true,"handlesAlerts":false,"databaseEnabled":false,"locationContextEnabled":false,"applicationCacheEnabled":false,"browserConnectionEnabled":false,"cssSelectorsEnabled":true,"webStorageEnabled":false,"rotatable":false,"acceptSslCerts":false,"nativeEvents":true,"proxy":{"proxyType":"direct"}}
[INFO  - 2015-06-24T20:00:32.576Z] SessionManagerReqHand - _postNewSessionCommand - New Session Created: ab9e8290-1aab-11e5-9f02-ed58f8d511e9
[INFO  - 2015-06-24T20:00:39.608Z] ShutdownReqHand - _handle - About to shutdown
[INFO  - 2015-06-24T20:01:05.799Z] GhostDriver - Main - running on port 15510
[INFO  - 2015-06-24T20:01:06.408Z] Session [bfc8b600-1aab-11e5-8904-95aab265fbe6] - page.settings - {"XSSAuditingEnabled":false,"javascriptCanCloseWindows":true,"javascriptCanOpenWindows":true,"javascriptEnabled":true,"loadImages":true,"localToRemoteUrlAccessEnabled":false,"userAgent":"Mozilla/5.0 (Windows NT 6.1; WOW64) AppleWebKit/538.1 (KHTML, like Gecko) PhantomJS/2.0.0 Safari/538.1","webSecurityEnabled":true}
[INFO  - 2015-06-24T20:01:06.408Z] Session [bfc8b600-1aab-11e5-8904-95aab265fbe6] - page.customHeaders:  - {}
[INFO  - 2015-06-24T20:01:06.408Z] Session [bfc8b600-1aab-11e5-8904-95aab265fbe6] - Session.negotiatedCapabilities - {"browserName":"phantomjs","version":"2.0.0","driverName":"ghostdriver","driverVersion":"1.2.0","platform":"windows-7-32bit","javascriptEnabled":true,"takesScreenshot":true,"handlesAlerts":false,"databaseEnabled":false,"locationContextEnabled":false,"applicationCacheEnabled":false,"browserConnectionEnabled":false,"cssSelectorsEnabled":true,"webStorageEnabled":false,"rotatable":false,"acceptSslCerts":false,"nativeEvents":true,"proxy":{"proxyType":"direct"}}
[INFO  - 2015-06-24T20:01:06.408Z] SessionManagerReqHand - _postNewSessionCommand - New Session Created: bfc8b600-1aab-11e5-8904-95aab265fbe6
[INFO  - 2015-06-24T20:01:10.724Z] ShutdownReqHand - _handle - About to shutdown
[INFO  - 2015-06-24T21:32:05.745Z] GhostDriver - Main - running on port 8171
[INFO  - 2015-06-24T21:32:06.353Z] Session [762a3390-1ab8-11e5-81ca-915e5f9d3078] - page.settings - {"XSSAuditingEnabled":false,"javascriptCanCloseWindows":true,"javascriptCanOpenWindows":true,"javascriptEnabled":true,"loadImages":true,"localToRemoteUrlAccessEnabled":false,"userAgent":"Mozilla/5.0 (Windows NT 6.1; WOW64) AppleWebKit/538.1 (KHTML, like Gecko) PhantomJS/2.0.0 Safari/538.1","webSecurityEnabled":true}
[INFO  - 2015-06-24T21:32:06.353Z] Session [762a3390-1ab8-11e5-81ca-915e5f9d3078] - page.customHeaders:  - {}
[INFO  - 2015-06-24T21:32:06.353Z] Session [762a3390-1ab8-11e5-81ca-915e5f9d3078] - Session.negotiatedCapabilities - {"browserName":"phantomjs","version":"2.0.0","driverName":"ghostdriver","driverVersion":"1.2.0","platform":"windows-7-32bit","javascriptEnabled":true,"takesScreenshot":true,"handlesAlerts":false,"databaseEnabled":false,"locationContextEnabled":false,"applicationCacheEnabled":false,"browserConnectionEnabled":false,"cssSelectorsEnabled":true,"webStorageEnabled":false,"rotatable":false,"acceptSslCerts":false,"nativeEvents":true,"proxy":{"proxyType":"direct"}}
[INFO  - 2015-06-24T21:32:06.353Z] SessionManagerReqHand - _postNewSessionCommand - New Session Created: 762a3390-1ab8-11e5-81ca-915e5f9d3078
[INFO  - 2015-06-24T21:32:24.390Z] ShutdownReqHand - _handle - About to shutdown
[INFO  - 2015-06-24T21:33:14.572Z] GhostDriver - Main - running on port 21081
[INFO  - 2015-06-24T21:33:15.206Z] Session [9f358e60-1ab8-11e5-b762-8f1c56172ba5] - page.settings - {"XSSAuditingEnabled":false,"javascriptCanCloseWindows":true,"javascriptCanOpenWindows":true,"javascriptEnabled":true,"loadImages":true,"localToRemoteUrlAccessEnabled":false,"userAgent":"Mozilla/5.0 (Windows NT 6.1; WOW64) AppleWebKit/538.1 (KHTML, like Gecko) PhantomJS/2.0.0 Safari/538.1","webSecurityEnabled":true}
[INFO  - 2015-06-24T21:33:15.206Z] Session [9f358e60-1ab8-11e5-b762-8f1c56172ba5] - page.customHeaders:  - {}
[INFO  - 2015-06-24T21:33:15.206Z] Session [9f358e60-1ab8-11e5-b762-8f1c56172ba5] - Session.negotiatedCapabilities - {"browserName":"phantomjs","version":"2.0.0","driverName":"ghostdriver","driverVersion":"1.2.0","platform":"windows-7-32bit","javascriptEnabled":true,"takesScreenshot":true,"handlesAlerts":false,"databaseEnabled":false,"locationContextEnabled":false,"applicationCacheEnabled":false,"browserConnectionEnabled":false,"cssSelectorsEnabled":true,"webStorageEnabled":false,"rotatable":false,"acceptSslCerts":false,"nativeEvents":true,"proxy":{"proxyType":"direct"}}
[INFO  - 2015-06-24T21:33:15.206Z] SessionManagerReqHand - _postNewSessionCommand - New Session Created: 9f358e60-1ab8-11e5-b762-8f1c56172ba5
[INFO  - 2015-06-24T21:33:19.430Z] ShutdownReqHand - _handle - About to shutdown
[INFO  - 2015-06-24T23:36:29.777Z] GhostDriver - Main - running on port 10474
[INFO  - 2015-06-24T23:36:30.104Z] Session [d6e7eae0-1ac9-11e5-b098-3f271917522e] - page.settings - {"XSSAuditingEnabled":false,"javascriptCanCloseWindows":true,"javascriptCanOpenWindows":true,"javascriptEnabled":true,"loadImages":true,"localToRemoteUrlAccessEnabled":false,"userAgent":"Mozilla/5.0 (Windows NT 6.1; WOW64) AppleWebKit/538.1 (KHTML, like Gecko) PhantomJS/2.0.0 Safari/538.1","webSecurityEnabled":true}
[INFO  - 2015-06-24T23:36:30.104Z] Session [d6e7eae0-1ac9-11e5-b098-3f271917522e] - page.customHeaders:  - {}
[INFO  - 2015-06-24T23:36:30.104Z] Session [d6e7eae0-1ac9-11e5-b098-3f271917522e] - Session.negotiatedCapabilities - {"browserName":"phantomjs","version":"2.0.0","driverName":"ghostdriver","driverVersion":"1.2.0","platform":"windows-7-32bit","javascriptEnabled":true,"takesScreenshot":true,"handlesAlerts":false,"databaseEnabled":false,"locationContextEnabled":false,"applicationCacheEnabled":false,"browserConnectionEnabled":false,"cssSelectorsEnabled":true,"webStorageEnabled":false,"rotatable":false,"acceptSslCerts":false,"nativeEvents":true,"proxy":{"proxyType":"direct"}}
[INFO  - 2015-06-24T23:36:30.106Z] SessionManagerReqHand - _postNewSessionCommand - New Session Created: d6e7eae0-1ac9-11e5-b098-3f271917522e
[INFO  - 2015-06-24T23:36:48.503Z] ShutdownReqHand - _handle - About to shutdown
[INFO  - 2015-06-24T23:36:51.632Z] GhostDriver - Main - running on port 33628
[INFO  - 2015-06-24T23:36:52.266Z] Session [e41db910-1ac9-11e5-abe6-ebba2e9414a3] - page.settings - {"XSSAuditingEnabled":false,"javascriptCanCloseWindows":true,"javascriptCanOpenWindows":true,"javascriptEnabled":true,"loadImages":true,"localToRemoteUrlAccessEnabled":false,"userAgent":"Mozilla/5.0 (Windows NT 6.1; WOW64) AppleWebKit/538.1 (KHTML, like Gecko) PhantomJS/2.0.0 Safari/538.1","webSecurityEnabled":true}
[INFO  - 2015-06-24T23:36:52.266Z] Session [e41db910-1ac9-11e5-abe6-ebba2e9414a3] - page.customHeaders:  - {}
[INFO  - 2015-06-24T23:36:52.266Z] Session [e41db910-1ac9-11e5-abe6-ebba2e9414a3] - Session.negotiatedCapabilities - {"browserName":"phantomjs","version":"2.0.0","driverName":"ghostdriver","driverVersion":"1.2.0","platform":"windows-7-32bit","javascriptEnabled":true,"takesScreenshot":true,"handlesAlerts":false,"databaseEnabled":false,"locationContextEnabled":false,"applicationCacheEnabled":false,"browserConnectionEnabled":false,"cssSelectorsEnabled":true,"webStorageEnabled":false,"rotatable":false,"acceptSslCerts":false,"nativeEvents":true,"proxy":{"proxyType":"direct"}}
[INFO  - 2015-06-24T23:36:52.267Z] SessionManagerReqHand - _postNewSessionCommand - New Session Created: e41db910-1ac9-11e5-abe6-ebba2e9414a3
[ERROR - 2015-06-24T23:36:56.349Z] WebElementLocator - _handleLocateCommand - Element(s) NOT Found: GAVE UP. Search Stop Time: 1435189016346
[INFO  - 2015-06-24T23:36:57.138Z] ShutdownReqHand - _handle - About to shutdown
[INFO  - 2015-06-24T23:39:02.886Z] GhostDriver - Main - running on port 28582
[INFO  - 2015-06-24T23:39:03.478Z] Session [3252c7b0-1aca-11e5-9a55-2ffbd2fbc603] - page.settings - {"XSSAuditingEnabled":false,"javascriptCanCloseWindows":true,"javascriptCanOpenWindows":true,"javascriptEnabled":true,"loadImages":true,"localToRemoteUrlAccessEnabled":false,"userAgent":"Mozilla/5.0 (Windows NT 6.1; WOW64) AppleWebKit/538.1 (KHTML, like Gecko) PhantomJS/2.0.0 Safari/538.1","webSecurityEnabled":true}
[INFO  - 2015-06-24T23:39:03.479Z] Session [3252c7b0-1aca-11e5-9a55-2ffbd2fbc603] - page.customHeaders:  - {}
[INFO  - 2015-06-24T23:39:03.479Z] Session [3252c7b0-1aca-11e5-9a55-2ffbd2fbc603] - Session.negotiatedCapabilities - {"browserName":"phantomjs","version":"2.0.0","driverName":"ghostdriver","driverVersion":"1.2.0","platform":"windows-7-32bit","javascriptEnabled":true,"takesScreenshot":true,"handlesAlerts":false,"databaseEnabled":false,"locationContextEnabled":false,"applicationCacheEnabled":false,"browserConnectionEnabled":false,"cssSelectorsEnabled":true,"webStorageEnabled":false,"rotatable":false,"acceptSslCerts":false,"nativeEvents":true,"proxy":{"proxyType":"direct"}}
[INFO  - 2015-06-24T23:39:03.480Z] SessionManagerReqHand - _postNewSessionCommand - New Session Created: 3252c7b0-1aca-11e5-9a55-2ffbd2fbc603
[INFO  - 2015-06-24T23:39:21.018Z] ShutdownReqHand - _handle - About to shutdown
[INFO  - 2015-06-24T23:39:25.402Z] GhostDriver - Main - running on port 5555
[INFO  - 2015-06-24T23:39:25.980Z] Session [3fbdfdc0-1aca-11e5-9c71-39f166a44b2f] - page.settings - {"XSSAuditingEnabled":false,"javascriptCanCloseWindows":true,"javascriptCanOpenWindows":true,"javascriptEnabled":true,"loadImages":true,"localToRemoteUrlAccessEnabled":false,"userAgent":"Mozilla/5.0 (Windows NT 6.1; WOW64) AppleWebKit/538.1 (KHTML, like Gecko) PhantomJS/2.0.0 Safari/538.1","webSecurityEnabled":true}
[INFO  - 2015-06-24T23:39:25.980Z] Session [3fbdfdc0-1aca-11e5-9c71-39f166a44b2f] - page.customHeaders:  - {}
[INFO  - 2015-06-24T23:39:25.980Z] Session [3fbdfdc0-1aca-11e5-9c71-39f166a44b2f] - Session.negotiatedCapabilities - {"browserName":"phantomjs","version":"2.0.0","driverName":"ghostdriver","driverVersion":"1.2.0","platform":"windows-7-32bit","javascriptEnabled":true,"takesScreenshot":true,"handlesAlerts":false,"databaseEnabled":false,"locationContextEnabled":false,"applicationCacheEnabled":false,"browserConnectionEnabled":false,"cssSelectorsEnabled":true,"webStorageEnabled":false,"rotatable":false,"acceptSslCerts":false,"nativeEvents":true,"proxy":{"proxyType":"direct"}}
[INFO  - 2015-06-24T23:39:25.980Z] SessionManagerReqHand - _postNewSessionCommand - New Session Created: 3fbdfdc0-1aca-11e5-9c71-39f166a44b2f
[ERROR - 2015-06-24T23:39:26.331Z] WebElementLocator - _handleLocateCommand - Element(s) NOT Found: GAVE UP. Search Stop Time: 1435189166272
[INFO  - 2015-06-24T23:39:26.780Z] ShutdownReqHand - _handle - About to shutdown
[INFO  - 2015-06-24T23:41:35.940Z] GhostDriver - Main - running on port 9210
[INFO  - 2015-06-24T23:41:36.545Z] Session [8d902be0-1aca-11e5-be58-8ff2529f0114] - page.settings - {"XSSAuditingEnabled":false,"javascriptCanCloseWindows":true,"javascriptCanOpenWindows":true,"javascriptEnabled":true,"loadImages":true,"localToRemoteUrlAccessEnabled":false,"userAgent":"Mozilla/5.0 (Windows NT 6.1; WOW64) AppleWebKit/538.1 (KHTML, like Gecko) PhantomJS/2.0.0 Safari/538.1","webSecurityEnabled":true}
[INFO  - 2015-06-24T23:41:36.545Z] Session [8d902be0-1aca-11e5-be58-8ff2529f0114] - page.customHeaders:  - {}
[INFO  - 2015-06-24T23:41:36.545Z] Session [8d902be0-1aca-11e5-be58-8ff2529f0114] - Session.negotiatedCapabilities - {"browserName":"phantomjs","version":"2.0.0","driverName":"ghostdriver","driverVersion":"1.2.0","platform":"windows-7-32bit","javascriptEnabled":true,"takesScreenshot":true,"handlesAlerts":false,"databaseEnabled":false,"locationContextEnabled":false,"applicationCacheEnabled":false,"browserConnectionEnabled":false,"cssSelectorsEnabled":true,"webStorageEnabled":false,"rotatable":false,"acceptSslCerts":false,"nativeEvents":true,"proxy":{"proxyType":"direct"}}
[INFO  - 2015-06-24T23:41:36.545Z] SessionManagerReqHand - _postNewSessionCommand - New Session Created: 8d902be0-1aca-11e5-be58-8ff2529f0114
[ERROR - 2015-06-24T23:41:36.856Z] WebElementLocator - _handleLocateCommand - Element(s) NOT Found: GAVE UP. Search Stop Time: 1435189296854
[INFO  - 2015-06-24T23:41:37.266Z] ShutdownReqHand - _handle - About to shutdown
[INFO  - 2015-06-24T23:42:02.169Z] GhostDriver - Main - running on port 30244
[INFO  - 2015-06-24T23:42:02.804Z] Session [9d376f40-1aca-11e5-8cc8-45026df9554c] - page.settings - {"XSSAuditingEnabled":false,"javascriptCanCloseWindows":true,"javascriptCanOpenWindows":true,"javascriptEnabled":true,"loadImages":true,"localToRemoteUrlAccessEnabled":false,"userAgent":"Mozilla/5.0 (Windows NT 6.1; WOW64) AppleWebKit/538.1 (KHTML, like Gecko) PhantomJS/2.0.0 Safari/538.1","webSecurityEnabled":true}
[INFO  - 2015-06-24T23:42:02.804Z] Session [9d376f40-1aca-11e5-8cc8-45026df9554c] - page.customHeaders:  - {}
[INFO  - 2015-06-24T23:42:02.804Z] Session [9d376f40-1aca-11e5-8cc8-45026df9554c] - Session.negotiatedCapabilities - {"browserName":"phantomjs","version":"2.0.0","driverName":"ghostdriver","driverVersion":"1.2.0","platform":"windows-7-32bit","javascriptEnabled":true,"takesScreenshot":true,"handlesAlerts":false,"databaseEnabled":false,"locationContextEnabled":false,"applicationCacheEnabled":false,"browserConnectionEnabled":false,"cssSelectorsEnabled":true,"webStorageEnabled":false,"rotatable":false,"acceptSslCerts":false,"nativeEvents":true,"proxy":{"proxyType":"direct"}}
[INFO  - 2015-06-24T23:42:02.804Z] SessionManagerReqHand - _postNewSessionCommand - New Session Created: 9d376f40-1aca-11e5-8cc8-45026df9554c
[ERROR - 2015-06-24T23:42:03.237Z] WebElementLocator - _handleLocateCommand - Element(s) NOT Found: GAVE UP. Search Stop Time: 1435189323175
[INFO  - 2015-06-24T23:42:03.635Z] ShutdownReqHand - _handle - About to shutdown
[INFO  - 2015-06-24T23:43:46.850Z] GhostDriver - Main - running on port 2584
[INFO  - 2015-06-24T23:43:47.476Z] Session [db9996a0-1aca-11e5-bab3-3b609c24048d] - page.settings - {"XSSAuditingEnabled":false,"javascriptCanCloseWindows":true,"javascriptCanOpenWindows":true,"javascriptEnabled":true,"loadImages":true,"localToRemoteUrlAccessEnabled":false,"userAgent":"Mozilla/5.0 (Windows NT 6.1; WOW64) AppleWebKit/538.1 (KHTML, like Gecko) PhantomJS/2.0.0 Safari/538.1","webSecurityEnabled":true}
[INFO  - 2015-06-24T23:43:47.476Z] Session [db9996a0-1aca-11e5-bab3-3b609c24048d] - page.customHeaders:  - {}
[INFO  - 2015-06-24T23:43:47.476Z] Session [db9996a0-1aca-11e5-bab3-3b609c24048d] - Session.negotiatedCapabilities - {"browserName":"phantomjs","version":"2.0.0","driverName":"ghostdriver","driverVersion":"1.2.0","platform":"windows-7-32bit","javascriptEnabled":true,"takesScreenshot":true,"handlesAlerts":false,"databaseEnabled":false,"locationContextEnabled":false,"applicationCacheEnabled":false,"browserConnectionEnabled":false,"cssSelectorsEnabled":true,"webStorageEnabled":false,"rotatable":false,"acceptSslCerts":false,"nativeEvents":true,"proxy":{"proxyType":"direct"}}
[INFO  - 2015-06-24T23:43:47.476Z] SessionManagerReqHand - _postNewSessionCommand - New Session Created: db9996a0-1aca-11e5-bab3-3b609c24048d
[ERROR - 2015-06-24T23:43:47.833Z] WebElementLocator - _handleLocateCommand - Element(s) NOT Found: GAVE UP. Search Stop Time: 1435189427782
[INFO  - 2015-06-24T23:43:48.244Z] ShutdownReqHand - _handle - About to shutdown
[INFO  - 2015-06-25T15:10:46.615Z] GhostDriver - Main - running on port 1242
[INFO  - 2015-06-25T15:10:47.952Z] Session [5bfd75b0-1b4c-11e5-9922-21d98c4ff446] - page.settings - {"XSSAuditingEnabled":false,"javascriptCanCloseWindows":true,"javascriptCanOpenWindows":true,"javascriptEnabled":true,"loadImages":true,"localToRemoteUrlAccessEnabled":false,"userAgent":"Mozilla/5.0 (Windows NT 6.1; WOW64) AppleWebKit/538.1 (KHTML, like Gecko) PhantomJS/2.0.0 Safari/538.1","webSecurityEnabled":true}
[INFO  - 2015-06-25T15:10:47.952Z] Session [5bfd75b0-1b4c-11e5-9922-21d98c4ff446] - page.customHeaders:  - {}
[INFO  - 2015-06-25T15:10:47.953Z] Session [5bfd75b0-1b4c-11e5-9922-21d98c4ff446] - Session.negotiatedCapabilities - {"browserName":"phantomjs","version":"2.0.0","driverName":"ghostdriver","driverVersion":"1.2.0","platform":"windows-7-32bit","javascriptEnabled":true,"takesScreenshot":true,"handlesAlerts":false,"databaseEnabled":false,"locationContextEnabled":false,"applicationCacheEnabled":false,"browserConnectionEnabled":false,"cssSelectorsEnabled":true,"webStorageEnabled":false,"rotatable":false,"acceptSslCerts":false,"nativeEvents":true,"proxy":{"proxyType":"direct"}}
[INFO  - 2015-06-25T15:10:47.953Z] SessionManagerReqHand - _postNewSessionCommand - New Session Created: 5bfd75b0-1b4c-11e5-9922-21d98c4ff446
[ERROR - 2015-06-25T15:10:51.929Z] WebElementLocator - _handleLocateCommand - Element(s) NOT Found: GAVE UP. Search Stop Time: 1435245051874
[INFO  - 2015-06-25T15:10:53.275Z] ShutdownReqHand - _handle - About to shutdown
[INFO  - 2015-06-25T15:36:35.429Z] GhostDriver - Main - running on port 18108
[INFO  - 2015-06-25T15:36:35.811Z] Session [f695ffe0-1b4f-11e5-99f6-4badcad6ecf6] - page.settings - {"XSSAuditingEnabled":false,"javascriptCanCloseWindows":true,"javascriptCanOpenWindows":true,"javascriptEnabled":true,"loadImages":true,"localToRemoteUrlAccessEnabled":false,"userAgent":"Mozilla/5.0 (Windows NT 6.1; WOW64) AppleWebKit/538.1 (KHTML, like Gecko) PhantomJS/2.0.0 Safari/538.1","webSecurityEnabled":true}
[INFO  - 2015-06-25T15:36:35.811Z] Session [f695ffe0-1b4f-11e5-99f6-4badcad6ecf6] - page.customHeaders:  - {}
[INFO  - 2015-06-25T15:36:35.811Z] Session [f695ffe0-1b4f-11e5-99f6-4badcad6ecf6] - Session.negotiatedCapabilities - {"browserName":"phantomjs","version":"2.0.0","driverName":"ghostdriver","driverVersion":"1.2.0","platform":"windows-7-32bit","javascriptEnabled":true,"takesScreenshot":true,"handlesAlerts":false,"databaseEnabled":false,"locationContextEnabled":false,"applicationCacheEnabled":false,"browserConnectionEnabled":false,"cssSelectorsEnabled":true,"webStorageEnabled":false,"rotatable":false,"acceptSslCerts":false,"nativeEvents":true,"proxy":{"proxyType":"direct"}}
[INFO  - 2015-06-25T15:36:35.811Z] SessionManagerReqHand - _postNewSessionCommand - New Session Created: f695ffe0-1b4f-11e5-99f6-4badcad6ecf6
[ERROR - 2015-06-25T15:36:40.349Z] WebElementLocator - _handleLocateCommand - Element(s) NOT Found: GAVE UP. Search Stop Time: 1435246600344
[INFO  - 2015-06-25T15:36:41.009Z] ShutdownReqHand - _handle - About to shutdown
[INFO  - 2015-06-25T15:36:50.838Z] GhostDriver - Main - running on port 36088
[INFO  - 2015-06-25T15:36:51.611Z] Session [0000bc50-1b50-11e5-ae6d-3dbbf8ef6b26] - page.settings - {"XSSAuditingEnabled":false,"javascriptCanCloseWindows":true,"javascriptCanOpenWindows":true,"javascriptEnabled":true,"loadImages":true,"localToRemoteUrlAccessEnabled":false,"userAgent":"Mozilla/5.0 (Windows NT 6.1; WOW64) AppleWebKit/538.1 (KHTML, like Gecko) PhantomJS/2.0.0 Safari/538.1","webSecurityEnabled":true}
[INFO  - 2015-06-25T15:36:51.611Z] Session [0000bc50-1b50-11e5-ae6d-3dbbf8ef6b26] - page.customHeaders:  - {}
[INFO  - 2015-06-25T15:36:51.611Z] Session [0000bc50-1b50-11e5-ae6d-3dbbf8ef6b26] - Session.negotiatedCapabilities - {"browserName":"phantomjs","version":"2.0.0","driverName":"ghostdriver","driverVersion":"1.2.0","platform":"windows-7-32bit","javascriptEnabled":true,"takesScreenshot":true,"handlesAlerts":false,"databaseEnabled":false,"locationContextEnabled":false,"applicationCacheEnabled":false,"browserConnectionEnabled":false,"cssSelectorsEnabled":true,"webStorageEnabled":false,"rotatable":false,"acceptSslCerts":false,"nativeEvents":true,"proxy":{"proxyType":"direct"}}
[INFO  - 2015-06-25T15:36:51.612Z] SessionManagerReqHand - _postNewSessionCommand - New Session Created: 0000bc50-1b50-11e5-ae6d-3dbbf8ef6b26
[INFO  - 2015-06-25T15:37:18.626Z] ShutdownReqHand - _handle - About to shutdown
[INFO  - 2015-06-25T15:59:20.483Z] GhostDriver - Main - running on port 16196
[INFO  - 2015-06-25T15:59:21.244Z] Session [24726360-1b53-11e5-a8d4-6f41ddc34abd] - page.settings - {"XSSAuditingEnabled":false,"javascriptCanCloseWindows":true,"javascriptCanOpenWindows":true,"javascriptEnabled":true,"loadImages":true,"localToRemoteUrlAccessEnabled":false,"userAgent":"Mozilla/5.0 (Windows NT 6.1; WOW64) AppleWebKit/538.1 (KHTML, like Gecko) PhantomJS/2.0.0 Safari/538.1","webSecurityEnabled":true}
[INFO  - 2015-06-25T15:59:21.244Z] Session [24726360-1b53-11e5-a8d4-6f41ddc34abd] - page.customHeaders:  - {}
[INFO  - 2015-06-25T15:59:21.244Z] Session [24726360-1b53-11e5-a8d4-6f41ddc34abd] - Session.negotiatedCapabilities - {"browserName":"phantomjs","version":"2.0.0","driverName":"ghostdriver","driverVersion":"1.2.0","platform":"windows-7-32bit","javascriptEnabled":true,"takesScreenshot":true,"handlesAlerts":false,"databaseEnabled":false,"locationContextEnabled":false,"applicationCacheEnabled":false,"browserConnectionEnabled":false,"cssSelectorsEnabled":true,"webStorageEnabled":false,"rotatable":false,"acceptSslCerts":false,"nativeEvents":true,"proxy":{"proxyType":"direct"}}
[INFO  - 2015-06-25T15:59:21.244Z] SessionManagerReqHand - _postNewSessionCommand - New Session Created: 24726360-1b53-11e5-a8d4-6f41ddc34abd
[INFO  - 2015-06-25T15:59:50.225Z] ShutdownReqHand - _handle - About to shutdown
[INFO  - 2015-06-25T16:00:49.365Z] GhostDriver - Main - running on port 30809
[INFO  - 2015-06-25T16:00:50.102Z] Session [59690b00-1b53-11e5-89c7-193faad2ca47] - page.settings - {"XSSAuditingEnabled":false,"javascriptCanCloseWindows":true,"javascriptCanOpenWindows":true,"javascriptEnabled":true,"loadImages":true,"localToRemoteUrlAccessEnabled":false,"userAgent":"Mozilla/5.0 (Windows NT 6.1; WOW64) AppleWebKit/538.1 (KHTML, like Gecko) PhantomJS/2.0.0 Safari/538.1","webSecurityEnabled":true}
[INFO  - 2015-06-25T16:00:50.102Z] Session [59690b00-1b53-11e5-89c7-193faad2ca47] - page.customHeaders:  - {}
[INFO  - 2015-06-25T16:00:50.102Z] Session [59690b00-1b53-11e5-89c7-193faad2ca47] - Session.negotiatedCapabilities - {"browserName":"phantomjs","version":"2.0.0","driverName":"ghostdriver","driverVersion":"1.2.0","platform":"windows-7-32bit","javascriptEnabled":true,"takesScreenshot":true,"handlesAlerts":false,"databaseEnabled":false,"locationContextEnabled":false,"applicationCacheEnabled":false,"browserConnectionEnabled":false,"cssSelectorsEnabled":true,"webStorageEnabled":false,"rotatable":false,"acceptSslCerts":false,"nativeEvents":true,"proxy":{"proxyType":"direct"}}
[INFO  - 2015-06-25T16:00:50.102Z] SessionManagerReqHand - _postNewSessionCommand - New Session Created: 59690b00-1b53-11e5-89c7-193faad2ca47
[INFO  - 2015-06-25T16:01:20.080Z] ShutdownReqHand - _handle - About to shutdown
[INFO  - 2015-06-25T16:01:46.138Z] GhostDriver - Main - running on port 32971
[INFO  - 2015-06-25T16:01:46.908Z] Session [7b436cc0-1b53-11e5-9ffa-ffd39845a691] - page.settings - {"XSSAuditingEnabled":false,"javascriptCanCloseWindows":true,"javascriptCanOpenWindows":true,"javascriptEnabled":true,"loadImages":true,"localToRemoteUrlAccessEnabled":false,"userAgent":"Mozilla/5.0 (Windows NT 6.1; WOW64) AppleWebKit/538.1 (KHTML, like Gecko) PhantomJS/2.0.0 Safari/538.1","webSecurityEnabled":true}
[INFO  - 2015-06-25T16:01:46.908Z] Session [7b436cc0-1b53-11e5-9ffa-ffd39845a691] - page.customHeaders:  - {}
[INFO  - 2015-06-25T16:01:46.909Z] Session [7b436cc0-1b53-11e5-9ffa-ffd39845a691] - Session.negotiatedCapabilities - {"browserName":"phantomjs","version":"2.0.0","driverName":"ghostdriver","driverVersion":"1.2.0","platform":"windows-7-32bit","javascriptEnabled":true,"takesScreenshot":true,"handlesAlerts":false,"databaseEnabled":false,"locationContextEnabled":false,"applicationCacheEnabled":false,"browserConnectionEnabled":false,"cssSelectorsEnabled":true,"webStorageEnabled":false,"rotatable":false,"acceptSslCerts":false,"nativeEvents":true,"proxy":{"proxyType":"direct"}}
[INFO  - 2015-06-25T16:01:46.909Z] SessionManagerReqHand - _postNewSessionCommand - New Session Created: 7b436cc0-1b53-11e5-9ffa-ffd39845a691
[INFO  - 2015-06-25T16:01:50.778Z] ShutdownReqHand - _handle - About to shutdown
[INFO  - 2015-06-25T16:05:12.355Z] GhostDriver - Main - running on port 1676
[INFO  - 2015-06-25T16:05:13.127Z] Session [f62dcb60-1b53-11e5-8bbb-492b5ab050d9] - page.settings - {"XSSAuditingEnabled":false,"javascriptCanCloseWindows":true,"javascriptCanOpenWindows":true,"javascriptEnabled":true,"loadImages":true,"localToRemoteUrlAccessEnabled":false,"userAgent":"Mozilla/5.0 (Windows NT 6.1; WOW64) AppleWebKit/538.1 (KHTML, like Gecko) PhantomJS/2.0.0 Safari/538.1","webSecurityEnabled":true}
[INFO  - 2015-06-25T16:05:13.127Z] Session [f62dcb60-1b53-11e5-8bbb-492b5ab050d9] - page.customHeaders:  - {}
[INFO  - 2015-06-25T16:05:13.127Z] Session [f62dcb60-1b53-11e5-8bbb-492b5ab050d9] - Session.negotiatedCapabilities - {"browserName":"phantomjs","version":"2.0.0","driverName":"ghostdriver","driverVersion":"1.2.0","platform":"windows-7-32bit","javascriptEnabled":true,"takesScreenshot":true,"handlesAlerts":false,"databaseEnabled":false,"locationContextEnabled":false,"applicationCacheEnabled":false,"browserConnectionEnabled":false,"cssSelectorsEnabled":true,"webStorageEnabled":false,"rotatable":false,"acceptSslCerts":false,"nativeEvents":true,"proxy":{"proxyType":"direct"}}
[INFO  - 2015-06-25T16:05:13.128Z] SessionManagerReqHand - _postNewSessionCommand - New Session Created: f62dcb60-1b53-11e5-8bbb-492b5ab050d9
[INFO  - 2015-06-25T16:10:12.481Z] SessionManagerReqHand - _cleanupWindowlessSessions - Asynchronous Sessions clean-up phase starting NOW
[INFO  - 2015-06-25T16:15:12.481Z] SessionManagerReqHand - _cleanupWindowlessSessions - Asynchronous Sessions clean-up phase starting NOW
[INFO  - 2015-06-25T16:20:12.481Z] SessionManagerReqHand - _cleanupWindowlessSessions - Asynchronous Sessions clean-up phase starting NOW
[INFO  - 2015-06-25T16:25:12.481Z] SessionManagerReqHand - _cleanupWindowlessSessions - Asynchronous Sessions clean-up phase starting NOW
[INFO  - 2015-06-25T16:30:12.516Z] SessionManagerReqHand - _cleanupWindowlessSessions - Asynchronous Sessions clean-up phase starting NOW
[INFO  - 2015-06-25T16:35:12.516Z] SessionManagerReqHand - _cleanupWindowlessSessions - Asynchronous Sessions clean-up phase starting NOW
[INFO  - 2015-06-25T16:37:42.425Z] ShutdownReqHand - _handle - About to shutdown
s":false,"databaseEnabled":false,"locationContextEnabled":false,"applicationCacheEnabled":false,"browserConnectionEnabled":false,"cssSelectorsEnabled":true,"webStorageEnabled":false,"rotatable":false,"acceptSslCerts":false,"nativeEvents":true,"proxy":{"proxyType":"direct"}}
[INFO  - 2015-06-25T16:10:02.791Z] SessionManagerReqHand - _postNewSessionCommand - New Session Created: a2d63be0-1b54-11e5-819e-2b00af2f988b
[ERROR - 2015-06-25T16:10:32.308Z] WebElementLocator - _handleLocateCommand - Element(s) NOT Found: GAVE UP. Search Stop Time: 1435248632241
[INFO  - 2015-06-25T16:10:32.699Z] ShutdownReqHand - _handle - About to shutdown
[INFO  - 2015-06-25T16:11:55.146Z] GhostDriver - Main - running on port 41106
[INFO  - 2015-06-25T16:11:55.933Z] Session [e64543d0-1b54-11e5-8d0b-8b0841509646] - page.settings - {"XSSAuditingEnabled":false,"javascriptCanCloseWindows":true,"javascriptCanOpenWindows":true,"javascriptEnabled":true,"loadImages":true,"localToRemoteUrlAccessEnabled":false,"userAgent":"Mozilla/5.0 (Windows NT 6.1; WOW64) AppleWebKit/538.1 (KHTML, like Gecko) PhantomJS/2.0.0 Safari/538.1","webSecurityEnabled":true}
[INFO  - 2015-06-25T16:11:55.933Z] Session [e64543d0-1b54-11e5-8d0b-8b0841509646] - page.customHeaders:  - {}
[INFO  - 2015-06-25T16:11:55.933Z] Session [e64543d0-1b54-11e5-8d0b-8b0841509646] - Session.negotiatedCapabilities - {"browserName":"phantomjs","version":"2.0.0","driverName":"ghostdriver","driverVersion":"1.2.0","platform":"windows-7-32bit","javascriptEnabled":true,"takesScreenshot":true,"handlesAlerts":false,"databaseEnabled":false,"locationContextEnabled":false,"applicationCacheEnabled":false,"browserConnectionEnabled":false,"cssSelectorsEnabled":true,"webStorageEnabled":false,"rotatable":false,"acceptSslCerts":false,"nativeEvents":true,"proxy":{"proxyType":"direct"}}
[INFO  - 2015-06-25T16:11:55.934Z] SessionManagerReqHand - _postNewSessionCommand - New Session Created: e64543d0-1b54-11e5-8d0b-8b0841509646
[ERROR - 2015-06-25T16:12:00.479Z] WebElementLocator - _handleLocateCommand - Element(s) NOT Found: GAVE UP. Search Stop Time: 1435248720431
[INFO  - 2015-06-25T16:12:00.892Z] ShutdownReqHand - _handle - About to shutdown
[INFO  - 2015-06-25T16:13:11.336Z] GhostDriver - Main - running on port 23188
[INFO  - 2015-06-25T16:13:11.570Z] Session [135b5170-1b55-11e5-b553-7d06d8376edf] - page.settings - {"XSSAuditingEnabled":false,"javascriptCanCloseWindows":true,"javascriptCanOpenWindows":true,"javascriptEnabled":true,"loadImages":true,"localToRemoteUrlAccessEnabled":false,"userAgent":"Mozilla/5.0 (Windows NT 6.1; WOW64) AppleWebKit/538.1 (KHTML, like Gecko) PhantomJS/2.0.0 Safari/538.1","webSecurityEnabled":true}
[INFO  - 2015-06-25T16:13:11.570Z] Session [135b5170-1b55-11e5-b553-7d06d8376edf] - page.customHeaders:  - {}
[INFO  - 2015-06-25T16:13:11.570Z] Session [135b5170-1b55-11e5-b553-7d06d8376edf] - Session.negotiatedCapabilities - {"browserName":"phantomjs","version":"2.0.0","driverName":"ghostdriver","driverVersion":"1.2.0","platform":"windows-7-32bit","javascriptEnabled":true,"takesScreenshot":true,"handlesAlerts":false,"databaseEnabled":false,"locationContextEnabled":false,"applicationCacheEnabled":false,"browserConnectionEnabled":false,"cssSelectorsEnabled":true,"webStorageEnabled":false,"rotatable":false,"acceptSslCerts":false,"nativeEvents":true,"proxy":{"proxyType":"direct"}}
[INFO  - 2015-06-25T16:13:11.570Z] SessionManagerReqHand - _postNewSessionCommand - New Session Created: 135b5170-1b55-11e5-b553-7d06d8376edf
[INFO  - 2015-06-25T16:18:11.419Z] SessionManagerReqHand - _cleanupWindowlessSessions - Asynchronous Sessions clean-up phase starting NOW
[INFO  - 2015-06-25T16:23:11.419Z] SessionManagerReqHand - _cleanupWindowlessSessions - Asynchronous Sessions clean-up phase starting NOW
[INFO  - 2015-06-25T16:28:11.420Z] SessionManagerReqHand - _cleanupWindowlessSessions - Asynchronous Sessions clean-up phase starting NOW
[INFO  - 2015-06-25T16:33:11.420Z] SessionManagerReqHand - _cleanupWindowlessSessions - Asynchronous Sessions clean-up phase starting NOW
[INFO  - 2015-06-25T16:38:11.455Z] SessionManagerReqHand - _cleanupWindowlessSessions - Asynchronous Sessions clean-up phase starting NOW
Session.negotiatedCapabilities - {"browserName":"phantomjs","version":"2.0.0","driverName":"ghostdriver","driverVersion":"1.2.0","platform":"windows-7-32bit","javascriptEnabled":true,"takesScreenshot":true,"handlesAlerts":false,"databaseEnabled":false,"locationContextEnabled":false,"applicationCacheEnabled":false,"browserConnectionEnabled":false,"cssSelectorsEnabled":true,"webStorageEnabled":false,"rotatable":false,"acceptSslCerts":false,"nativeEvents":true,"proxy":{"proxyType":"direct"}}
[INFO  - 2015-06-25T16:13:35.537Z] SessionManagerReqHand - _postNewSessionCommand - New Session Created: 21a3ef30-1b55-11e5-80ec-e1f82f160722
[ERROR - 2015-06-25T16:13:43.945Z] WebElementLocator - _handleLocateCommand - Element(s) NOT Found: GAVE UP. Search Stop Time: 1435248823887
[INFO  - 2015-06-25T16:13:44.356Z] ShutdownReqHand - _handle - About to shutdown
[INFO  - 2015-06-25T16:14:38.754Z] GhostDriver - Main - running on port 42545
[INFO  - 2015-06-25T16:14:39.528Z] Session [47c82fa0-1b55-11e5-bcbd-55f5fdcc7357] - page.settings - {"XSSAuditingEnabled":false,"javascriptCanCloseWindows":true,"javascriptCanOpenWindows":true,"javascriptEnabled":true,"loadImages":true,"localToRemoteUrlAccessEnabled":false,"userAgent":"Mozilla/5.0 (Windows NT 6.1; WOW64) AppleWebKit/538.1 (KHTML, like Gecko) PhantomJS/2.0.0 Safari/538.1","webSecurityEnabled":true}
[INFO  - 2015-06-25T16:14:39.529Z] Session [47c82fa0-1b55-11e5-bcbd-55f5fdcc7357] - page.customHeaders:  - {}
[INFO  - 2015-06-25T16:14:39.529Z] Session [47c82fa0-1b55-11e5-bcbd-55f5fdcc7357] - Session.negotiatedCapabilities - {"browserName":"phantomjs","version":"2.0.0","driverName":"ghostdriver","driverVersion":"1.2.0","platform":"windows-7-32bit","javascriptEnabled":true,"takesScreenshot":true,"handlesAlerts":false,"databaseEnabled":false,"locationContextEnabled":false,"applicationCacheEnabled":false,"browserConnectionEnabled":false,"cssSelectorsEnabled":true,"webStorageEnabled":false,"rotatable":false,"acceptSslCerts":false,"nativeEvents":true,"proxy":{"proxyType":"direct"}}
[INFO  - 2015-06-25T16:14:39.529Z] SessionManagerReqHand - _postNewSessionCommand - New Session Created: 47c82fa0-1b55-11e5-bcbd-55f5fdcc7357
[INFO  - 2015-06-25T16:15:08.564Z] ShutdownReqHand - _handle - About to shutdown
